This is pdfTeX, Version 3.14159265-2.6-1.40.19 (MiKTeX 2.9.6730 64-bit) (preloaded format=pdflatex 2018.7.19)  19 JUL 2018 13:51
entering extended mode
**"C:/Users/Ronnie Nieva/Documents/GitHub/THESIS_document/main.tex"
("C:/Users/Ronnie Nieva/Documents/GitHub/THESIS_document/main.tex"
LaTeX2e <2018-04-01> patch level 5
\@input{preamble.aux}
\openout2 = `preamble.aux'.

("C:/Users/Ronnie Nieva/Documents/GitHub/THESIS_document\preamble.tex"
("C:\Users\Ronnie Nieva\AppData\Local\Programs\MiKTeX 2.9\tex\latex\base\report
.cls"
Document Class: report 2014/09/29 v1.4h Standard LaTeX document class

("C:\Users\Ronnie Nieva\AppData\Local\Programs\MiKTeX 2.9\tex\latex\base\size12
.clo"
File: size12.clo 2014/09/29 v1.4h Standard LaTeX file (size option)
)
\c@part=\count80
\c@chapter=\count81
\c@section=\count82
\c@subsection=\count83
\c@subsubsection=\count84
\c@paragraph=\count85
\c@subparagraph=\count86
\c@figure=\count87
\c@table=\count88
\abovecaptionskip=\skip41
\belowcaptionskip=\skip42
\bibindent=\dimen102
)
("C:\Users\Ronnie Nieva\AppData\Local\Programs\MiKTeX 2.9\tex\latex\base\fonten
c.sty"
Package: fontenc 2017/04/05 v2.0i Standard LaTeX package

("C:\Users\Ronnie Nieva\AppData\Local\Programs\MiKTeX 2.9\tex\latex\base\t1enc.
def"
File: t1enc.def 2017/04/05 v2.0i Standard LaTeX file
LaTeX Font Info:    Redeclaring font encoding T1 on input line 48.
))
("C:\Users\Ronnie Nieva\AppData\Local\Programs\MiKTeX 2.9\tex\generic\babel\bab
el.sty"
Package: babel 2018/06/05 3.22 The Babel package

("C:\Users\Ronnie Nieva\AppData\Local\Programs\MiKTeX 2.9\tex\generic\babel\swi
tch.def"
File: switch.def 2018/06/05 3.22 Babel switching mechanism
)